2021-04-28 12:12:49 [restartedMain] INFO  c.e.d.OnlineEducationSystemMineApplication - Starting OnlineEducationSystemMineApplication using Java 1.8.0_271 on DESKTOP-40T61JP with PID 104 (C:\Users\LENOVO\Documents\FinalIntegratedBackend-online-education-system\target\classes started by LENOVO in C:\Users\LENOVO\Documents\FinalIntegratedBackend-online-education-system)
2021-04-28 12:12:49 [restartedMain] DEBUG c.e.d.OnlineEducationSystemMineApplication - Running with Spring Boot v2.4.4, Spring v5.3.5
2021-04-28 12:12:49 [restartedMain] INFO  c.e.d.OnlineEducationSystemMineApplication - No active profile set, falling back to default profiles: default
2021-04-28 12:14:04 [restartedMain] INFO  c.e.d.OnlineEducationSystemMineApplication - Starting OnlineEducationSystemMineApplication using Java 1.8.0_271 on DESKTOP-40T61JP with PID 3616 (C:\Users\LENOVO\Documents\FinalIntegratedBackend-online-education-system\target\classes started by LENOVO in C:\Users\LENOVO\Documents\FinalIntegratedBackend-online-education-system)
2021-04-28 12:14:04 [restartedMain] DEBUG c.e.d.OnlineEducationSystemMineApplication - Running with Spring Boot v2.4.4, Spring v5.3.5
2021-04-28 12:14:04 [restartedMain] INFO  c.e.d.OnlineEducationSystemMineApplication - No active profile set, falling back to default profiles: default
2021-04-28 12:16:54 [restartedMain] INFO  c.e.d.OnlineEducationSystemMineApplication - Starting OnlineEducationSystemMineApplication using Java 1.8.0_271 on DESKTOP-40T61JP with PID 14940 (C:\Users\LENOVO\Documents\FinalIntegratedBackend-online-education-system\target\classes started by LENOVO in C:\Users\LENOVO\Documents\FinalIntegratedBackend-online-education-system)
2021-04-28 12:16:54 [restartedMain] DEBUG c.e.d.OnlineEducationSystemMineApplication - Running with Spring Boot v2.4.4, Spring v5.3.5
2021-04-28 12:16:54 [restartedMain] INFO  c.e.d.OnlineEducationSystemMineApplication - No active profile set, falling back to default profiles: default
2021-04-28 12:22:28 [restartedMain] INFO  c.e.d.OnlineEducationSystemMineApplication - Starting OnlineEducationSystemMineApplication using Java 1.8.0_271 on DESKTOP-40T61JP with PID 9228 (C:\Users\LENOVO\Documents\FinalIntegratedBackend-online-education-system\target\classes started by LENOVO in C:\Users\LENOVO\Documents\FinalIntegratedBackend-online-education-system)
2021-04-28 12:22:28 [restartedMain] DEBUG c.e.d.OnlineEducationSystemMineApplication - Running with Spring Boot v2.4.4, Spring v5.3.5
2021-04-28 12:22:28 [restartedMain] INFO  c.e.d.OnlineEducationSystemMineApplication - No active profile set, falling back to default profiles: default
2021-04-28 12:23:28 [restartedMain] INFO  c.e.d.OnlineEducationSystemMineApplication - Starting OnlineEducationSystemMineApplication using Java 1.8.0_271 on DESKTOP-40T61JP with PID 13752 (C:\Users\LENOVO\Documents\FinalIntegratedBackend-online-education-system\target\classes started by LENOVO in C:\Users\LENOVO\Documents\FinalIntegratedBackend-online-education-system)
2021-04-28 12:23:28 [restartedMain] DEBUG c.e.d.OnlineEducationSystemMineApplication - Running with Spring Boot v2.4.4, Spring v5.3.5
2021-04-28 12:23:28 [restartedMain] INFO  c.e.d.OnlineEducationSystemMineApplication - No active profile set, falling back to default profiles: default
2021-04-28 12:24:30 [restartedMain] INFO  c.e.d.OnlineEducationSystemMineApplication - Starting OnlineEducationSystemMineApplication using Java 1.8.0_271 on DESKTOP-40T61JP with PID 9612 (C:\Users\LENOVO\Documents\FinalIntegratedBackend-online-education-system\target\classes started by LENOVO in C:\Users\LENOVO\Documents\FinalIntegratedBackend-online-education-system)
2021-04-28 12:24:30 [restartedMain] DEBUG c.e.d.OnlineEducationSystemMineApplication - Running with Spring Boot v2.4.4, Spring v5.3.5
2021-04-28 12:24:30 [restartedMain] INFO  c.e.d.OnlineEducationSystemMineApplication - No active profile set, falling back to default profiles: default
2021-04-29 00:58:59 [restartedMain] INFO  c.e.d.OnlineEducationSystemMineApplication - Starting OnlineEducationSystemMineApplication using Java 1.8.0_271 on DESKTOP-40T61JP with PID 7872 (C:\Users\LENOVO\Documents\FinalfIntegratedBackend-online-education-system\target\classes started by LENOVO in C:\Users\LENOVO\Documents\FinalfIntegratedBackend-online-education-system)
2021-04-29 00:58:59 [restartedMain] DEBUG c.e.d.OnlineEducationSystemMineApplication - Running with Spring Boot v2.4.4, Spring v5.3.5
2021-04-29 00:58:59 [restartedMain] INFO  c.e.d.OnlineEducationSystemMineApplication - No active profile set, falling back to default profiles: default
2021-04-29 00:59:43 [main] INFO  c.e.d.r.StandardRepositoryIntegrationTest - Starting StandardRepositoryIntegrationTest using Java 1.8.0_271 on DESKTOP-40T61JP with PID 7092 (started by LENOVO in C:\Users\LENOVO\Documents\FinalfIntegratedBackend-online-education-system)
2021-04-29 00:59:43 [main] DEBUG c.e.d.r.StandardRepositoryIntegrationTest - Running with Spring Boot v2.4.4, Spring v5.3.5
2021-04-29 00:59:43 [main] INFO  c.e.d.r.StandardRepositoryIntegrationTest - No active profile set, falling back to default profiles: default
2021-04-29 00:59:51 [main] INFO  c.e.d.r.StandardRepositoryIntegrationTest - Started StandardRepositoryIntegrationTest in 8.158 seconds (JVM running for 10.599)
2021-04-29 01:11:40 [restartedMain] INFO  c.e.d.OnlineEducationSystemMineApplication - Starting OnlineEducationSystemMineApplication using Java 1.8.0_271 on DESKTOP-40T61JP with PID 15288 (C:\Users\LENOVO\Documents\FinalBackEdu\target\classes started by LENOVO in C:\Users\LENOVO\Documents\FinalBackEdu)
2021-04-29 01:11:40 [restartedMain] DEBUG c.e.d.OnlineEducationSystemMineApplication - Running with Spring Boot v2.4.4, Spring v5.3.5
2021-04-29 01:11:40 [restartedMain] INFO  c.e.d.OnlineEducationSystemMineApplication - No active profile set, falling back to default profiles: default
